# JRE version: OpenJDK Runtime Environment Temurin-21.0.10+7 (21.0.10+7) (build 21.0.10+7-LTS)
# Java VM: OpenJDK 64-Bit Server VM Temurin-21.0.10+7 (21.0.10+7-LTS, mixed mode, sharing, tiered, compressed oops, compressed class ptrs, parallel gc, windows-amd64)
GC Precious Log:
 CardTable entry size: 512
 CPUs: 4 total, 4 available
 Memory: 16267M
 Large Page Support: Disabled
 NUMA Support: Disabled
 Compressed Oops: Enabled (32-bit)
 Alignments: Space 512K, Generation 512K, Heap 2M
 Heap Min Capacity: 100M
 Heap Initial Capacity: 100M
 Heap Max Capacity: 2G
 Pre-touch: Disabled
 Parallel Workers: 4
Heap:
 PSYoungGen      total 18944K, used 18612K [0x00000000d5580000, 0x00000000d7200000, 0x0000000100000000)
  eden space 11776K, 99% used [0x00000000d5580000,0x00000000d60fbd48,0x00000000d6100000)
  from space 7168K, 95% used [0x00000000d6180000,0x00000000d6831498,0x00000000d6880000)
  to   space 8704K, 83% used [0x00000000d6980000,0x00000000d7098010,0x00000000d7200000)
 ParOldGen       total 388096K, used 388095K [0x0000000080000000, 0x0000000097b00000, 0x00000000d5580000)
  object space 388096K, 99% used [0x0000000080000000,0x0000000097affdc0,0x0000000097b00000)
 Metaspace       used 39971K, committed 41344K, reserved 1114112K
  class space    used 3699K, committed 4288K, reserved 1048576K
GC Heap History (20 events):
Event: 4985.969 GC heap after
{Heap after GC invocations=152 (full 2):
 PSYoungGen      total 12288K, used 192K [0x00000000d5580000, 0x00000000d6600000, 0x0000000100000000)
  eden space 11776K, 0% used [0x00000000d5580000,0x00000000d5580000,0x00000000d6100000)
  from space 512K, 37% used [0x00000000d6580000,0x00000000d65b0000,0x00000000d6600000)
  to   space 512K, 0% used [0x00000000d6500000,0x00000000d6500000,0x00000000d6580000)
 ParOldGen       total 337920K, used 337670K [0x0000000080000000, 0x0000000094a00000, 0x00000000d5580000)
  object space 337920K, 99% used [0x0000000080000000,0x00000000949c1b10,0x0000000094a00000)
 Metaspace       used 39839K, committed 41216K, reserved 1114112K
  class space    used 3697K, committed 4288K, reserved 1048576K
}
Event: 4986.023 GC heap before
{Heap before GC invocations=153 (full 2):
 PSYoungGen      total 12288K, used 11968K [0x00000000d5580000, 0x00000000d6600000, 0x0000000100000000)
  eden space 11776K, 100% used [0x00000000d5580000,0x00000000d6100000,0x00000000d6100000)
  from space 512K, 37% used [0x00000000d6580000,0x00000000d65b0000,0x00000000d6600000)
  to   space 512K, 0% used [0x00000000d6500000,0x00000000d6500000,0x00000000d6580000)
 ParOldGen       total 337920K, used 337670K [0x0000000080000000, 0x0000000094a00000, 0x00000000d5580000)
  object space 337920K, 99% used [0x0000000080000000,0x00000000949c1b10,0x0000000094a00000)
 Metaspace       used 39839K, committed 41216K, reserved 1114112K
  class space    used 3697K, committed 4288K, reserved 1048576K
}
Event: 4986.025 GC heap after
{Heap after GC invocations=153 (full 2):
 PSYoungGen      total 12288K, used 320K [0x00000000d5580000, 0x00000000d6600000, 0x0000000100000000)
  eden space 11776K, 0% used [0x00000000d5580000,0x00000000d5580000,0x00000000d6100000)
  from space 512K, 62% used [0x00000000d6500000,0x00000000d6550000,0x00000000d6580000)
  to   space 512K, 0% used [0x00000000d6580000,0x00000000d6580000,0x00000000d6600000)
 ParOldGen       total 337920K, used 337767K [0x0000000080000000, 0x0000000094a00000, 0x00000000d5580000)
  object space 337920K, 99% used [0x0000000080000000,0x00000000949d9db0,0x0000000094a00000)
 Metaspace       used 39839K, committed 41216K, reserved 1114112K
  class space    used 3697K, committed 4288K, reserved 1048576K
}
Event: 26606.262 GC heap before
{Heap before GC invocations=154 (full 2):
 PSYoungGen      total 12288K, used 12095K [0x00000000d5580000, 0x00000000d6600000, 0x0000000100000000)
  eden space 11776K, 99% used [0x00000000d5580000,0x00000000d60fffe0,0x00000000d6100000)
  from space 512K, 62% used [0x00000000d6500000,0x00000000d6550000,0x00000000d6580000)
  to   space 512K, 0% used [0x00000000d6580000,0x00000000d6580000,0x00000000d6600000)
 ParOldGen       total 337920K, used 337767K [0x0000000080000000, 0x0000000094a00000, 0x00000000d5580000)
  object space 337920K, 99% used [0x0000000080000000,0x00000000949d9db0,0x0000000094a00000)
 Metaspace       used 39893K, committed 41216K, reserved 1114112K
  class space    used 3697K, committed 4288K, reserved 1048576K
}
Event: 26606.432 GC heap after
{Heap after GC invocations=154 (full 2):
 PSYoungGen      total 12288K, used 96K [0x00000000d5580000, 0x00000000d6600000, 0x0000000100000000)
  eden space 11776K, 0% used [0x00000000d5580000,0x00000000d5580000,0x00000000d6100000)
  from space 512K, 18% used [0x00000000d6580000,0x00000000d6598000,0x00000000d6600000)
  to   space 512K, 0% used [0x00000000d6500000,0x00000000d6500000,0x00000000d6580000)
 ParOldGen       total 337920K, used 337791K [0x0000000080000000, 0x0000000094a00000, 0x00000000d5580000)
  object space 337920K, 99% used [0x0000000080000000,0x00000000949dfdb0,0x0000000094a00000)
 Metaspace       used 39893K, committed 41216K, reserved 1114112K
  class space    used 3697K, committed 4288K, reserved 1048576K
}
Event: 68376.256 GC heap before
{Heap before GC invocations=155 (full 2):
 PSYoungGen      total 12288K, used 11872K [0x00000000d5580000, 0x00000000d6600000, 0x0000000100000000)
  eden space 11776K, 100% used [0x00000000d5580000,0x00000000d6100000,0x00000000d6100000)
  from space 512K, 18% used [0x00000000d6580000,0x00000000d6598000,0x00000000d6600000)
  to   space 512K, 0% used [0x00000000d6500000,0x00000000d6500000,0x00000000d6580000)
 ParOldGen       total 337920K, used 337791K [0x0000000080000000, 0x0000000094a00000, 0x00000000d5580000)
  object space 337920K, 99% used [0x0000000080000000,0x00000000949dfdb0,0x0000000094a00000)
 Metaspace       used 39911K, committed 41280K, reserved 1114112K
  class space    used 3697K, committed 4288K, reserved 1048576K
}
Event: 68376.262 GC heap after
{Heap after GC invocations=155 (full 2):
 PSYoungGen      total 12288K, used 64K [0x00000000d5580000, 0x00000000d6600000, 0x0000000100000000)
  eden space 11776K, 0% used [0x00000000d5580000,0x00000000d5580000,0x00000000d6100000)
  from space 512K, 12% used [0x00000000d6500000,0x00000000d6510000,0x00000000d6580000)
  to   space 512K, 0% used [0x00000000d6580000,0x00000000d6580000,0x00000000d6600000)
 ParOldGen       total 337920K, used 337831K [0x0000000080000000, 0x0000000094a00000, 0x00000000d5580000)
  object space 337920K, 99% used [0x0000000080000000,0x00000000949e9db0,0x0000000094a00000)
 Metaspace       used 39911K, committed 41280K, reserved 1114112K
  class space    used 3697K, committed 4288K, reserved 1048576K
}
Event: 104575.888 GC heap before
{Heap before GC invocations=156 (full 2):
 PSYoungGen      total 12288K, used 11840K [0x00000000d5580000, 0x00000000d6600000, 0x0000000100000000)
  eden space 11776K, 100% used [0x00000000d5580000,0x00000000d6100000,0x00000000d6100000)
  from space 512K, 12% used [0x00000000d6500000,0x00000000d6510000,0x00000000d6580000)
  to   space 512K, 0% used [0x00000000d6580000,0x00000000d6580000,0x00000000d6600000)
 ParOldGen       total 337920K, used 337831K [0x0000000080000000, 0x0000000094a00000, 0x00000000d5580000)
  object space 337920K, 99% used [0x0000000080000000,0x00000000949e9db0,0x0000000094a00000)
 Metaspace       used 39914K, committed 41280K, reserved 1114112K
  class space    used 3697K, committed 4288K, reserved 1048576K
}
Event: 104575.932 GC heap after
{Heap after GC invocations=156 (full 2):
 PSYoungGen      total 12288K, used 288K [0x00000000d5580000, 0x00000000d6600000, 0x0000000100000000)
  eden space 11776K, 0% used [0x00000000d5580000,0x00000000d5580000,0x00000000d6100000)
  from space 512K, 56% used [0x00000000d6580000,0x00000000d65c8040,0x00000000d6600000)
  to   space 512K, 0% used [0x00000000d6500000,0x00000000d6500000,0x00000000d6580000)
 ParOldGen       total 337920K, used 337847K [0x0000000080000000, 0x0000000094a00000, 0x00000000d5580000)
  object space 337920K, 99% used [0x0000000080000000,0x00000000949eddb0,0x0000000094a00000)
 Metaspace       used 39914K, committed 41280K, reserved 1114112K
  class space    used 3697K, committed 4288K, reserved 1048576K
}
Event: 104576.774 GC heap before
{Heap before GC invocations=157 (full 2):
 PSYoungGen      total 12288K, used 12064K [0x00000000d5580000, 0x00000000d6600000, 0x0000000100000000)
  eden space 11776K, 100% used [0x00000000d5580000,0x00000000d6100000,0x00000000d6100000)
  from space 512K, 56% used [0x00000000d6580000,0x00000000d65c8040,0x00000000d6600000)
  to   space 512K, 0% used [0x00000000d6500000,0x00000000d6500000,0x00000000d6580000)
 ParOldGen       total 361472K, used 360887K [0x0000000080000000, 0x0000000096100000, 0x00000000d5580000)
  object space 361472K, 99% used [0x0000000080000000,0x000000009606ddd0,0x0000000096100000)
 Metaspace       used 39919K, committed 41280K, reserved 1114112K
  class space    used 3697K, committed 4288K, reserved 1048576K
}
Event: 104576.780 GC heap after
{Heap after GC invocations=157 (full 2):
 PSYoungGen      total 12288K, used 192K [0x00000000d5580000, 0x00000000d6600000, 0x0000000100000000)
  eden space 11776K, 0% used [0x00000000d5580000,0x00000000d5580000,0x00000000d6100000)
  from space 512K, 37% used [0x00000000d6500000,0x00000000d6530000,0x00000000d6580000)
  to   space 512K, 0% used [0x00000000d6580000,0x00000000d6580000,0x00000000d6600000)
 ParOldGen       total 361472K, used 361055K [0x0000000080000000, 0x0000000096100000, 0x00000000d5580000)
  object space 361472K, 99% used [0x0000000080000000,0x0000000096097e00,0x0000000096100000)
 Metaspace       used 39919K, committed 41280K, reserved 1114112K
  class space    used 3697K, committed 4288K, reserved 1048576K
}
Event: 104586.366 GC heap before
{Heap before GC invocations=158 (full 2):
 PSYoungGen      total 12288K, used 11968K [0x00000000d5580000, 0x00000000d6600000, 0x0000000100000000)
  eden space 11776K, 100% used [0x00000000d5580000,0x00000000d6100000,0x00000000d6100000)
  from space 512K, 37% used [0x00000000d6500000,0x00000000d6530000,0x00000000d6580000)
  to   space 512K, 0% used [0x00000000d6580000,0x00000000d6580000,0x00000000d6600000)
 ParOldGen       total 361472K, used 361055K [0x0000000080000000, 0x0000000096100000, 0x00000000d5580000)
  object space 361472K, 99% used [0x0000000080000000,0x0000000096097e00,0x0000000096100000)
 Metaspace       used 39953K, committed 41280K, reserved 1114112K
  class space    used 3698K, committed 4288K, reserved 1048576K
}
Event: 104586.379 GC heap after
{Heap after GC invocations=158 (full 2):
 PSYoungGen      total 12288K, used 496K [0x00000000d5580000, 0x00000000d6600000, 0x0000000100000000)
  eden space 11776K, 0% used [0x00000000d5580000,0x00000000d5580000,0x00000000d6100000)
  from space 512K, 96% used [0x00000000d6580000,0x00000000d65fc050,0x00000000d6600000)
  to   space 1024K, 0% used [0x00000000d6400000,0x00000000d6400000,0x00000000d6500000)
 ParOldGen       total 361472K, used 361447K [0x0000000080000000, 0x0000000096100000, 0x00000000d5580000)
  object space 361472K, 99% used [0x0000000080000000,0x00000000960f9f10,0x0000000096100000)
 Metaspace       used 39953K, committed 41280K, reserved 1114112K
  class space    used 3698K, committed 4288K, reserved 1048576K
}
Event: 104586.737 GC heap before
{Heap before GC invocations=159 (full 2):
 PSYoungGen      total 12288K, used 12272K [0x00000000d5580000, 0x00000000d6600000, 0x0000000100000000)
  eden space 11776K, 100% used [0x00000000d5580000,0x00000000d6100000,0x00000000d6100000)
  from space 512K, 96% used [0x00000000d6580000,0x00000000d65fc050,0x00000000d6600000)
  to   space 1024K, 0% used [0x00000000d6400000,0x00000000d6400000,0x00000000d6500000)
 ParOldGen       total 361472K, used 361447K [0x0000000080000000, 0x0000000096100000, 0x00000000d5580000)
  object space 361472K, 99% used [0x0000000080000000,0x00000000960f9f10,0x0000000096100000)
 Metaspace       used 39953K, committed 41280K, reserved 1114112K
  class space    used 3698K, committed 4288K, reserved 1048576K
}
Event: 104586.752 GC heap after
{Heap after GC invocations=159 (full 2):
 PSYoungGen      total 12800K, used 1013K [0x00000000d5580000, 0x00000000d7b00000, 0x0000000100000000)
  eden space 11776K, 0% used [0x00000000d5580000,0x00000000d5580000,0x00000000d6100000)
  from space 1024K, 98% used [0x00000000d6400000,0x00000000d64fd628,0x00000000d6500000)
  to   space 13312K, 0% used [0x00000000d6e00000,0x00000000d6e00000,0x00000000d7b00000)
 ParOldGen       total 371712K, used 371708K [0x0000000080000000, 0x0000000096b00000, 0x00000000d5580000)
  object space 371712K, 99% used [0x0000000080000000,0x0000000096aff3b0,0x0000000096b00000)
 Metaspace       used 39953K, committed 41280K, reserved 1114112K
  class space    used 3698K, committed 4288K, reserved 1048576K
}
Event: 104586.853 GC heap before
{Heap before GC invocations=160 (full 2):
 PSYoungGen      total 12800K, used 12764K [0x00000000d5580000, 0x00000000d7b00000, 0x0000000100000000)
  eden space 11776K, 99% used [0x00000000d5580000,0x00000000d60f9c58,0x00000000d6100000)
  from space 1024K, 98% used [0x00000000d6400000,0x00000000d64fd628,0x00000000d6500000)
  to   space 13312K, 0% used [0x00000000d6e00000,0x00000000d6e00000,0x00000000d7b00000)
 ParOldGen       total 371712K, used 371708K [0x0000000080000000, 0x0000000096b00000, 0x00000000d5580000)
  object space 371712K, 99% used [0x0000000080000000,0x0000000096aff3b0,0x0000000096b00000)
 Metaspace       used 39957K, committed 41280K, reserved 1114112K
  class space    used 3698K, committed 4288K, reserved 1048576K
}
Event: 104586.865 GC heap after
{Heap after GC invocations=160 (full 2):
 PSYoungGen      total 23552K, used 11503K [0x00000000d5580000, 0x00000000d7980000, 0x0000000100000000)
  eden space 11776K, 0% used [0x00000000d5580000,0x00000000d5580000,0x00000000d6100000)
  from space 11776K, 97% used [0x00000000d6e00000,0x00000000d793bf20,0x00000000d7980000)
  to   space 12288K, 0% used [0x00000000d6180000,0x00000000d6180000,0x00000000d6d80000)
 ParOldGen       total 372736K, used 372718K [0x0000000080000000, 0x0000000096c00000, 0x00000000d5580000)
  object space 372736K, 99% used [0x0000000080000000,0x0000000096bfb888,0x0000000096c00000)
 Metaspace       used 39957K, committed 41280K, reserved 1114112K
  class space    used 3698K, committed 4288K, reserved 1048576K
}
Event: 104594.380 GC heap before
{Heap before GC invocations=161 (full 2):
 PSYoungGen      total 23552K, used 23279K [0x00000000d5580000, 0x00000000d7980000, 0x0000000100000000)
  eden space 11776K, 100% used [0x00000000d5580000,0x00000000d6100000,0x00000000d6100000)
  from space 11776K, 97% used [0x00000000d6e00000,0x00000000d793bf20,0x00000000d7980000)
  to   space 12288K, 0% used [0x00000000d6180000,0x00000000d6180000,0x00000000d6d80000)
 ParOldGen       total 372736K, used 372718K [0x0000000080000000, 0x0000000096c00000, 0x00000000d5580000)
  object space 372736K, 99% used [0x0000000080000000,0x0000000096bfb888,0x0000000096c00000)
 Metaspace       used 39959K, committed 41280K, reserved 1114112K
  class space    used 3698K, committed 4288K, reserved 1048576K
}
Event: 104594.413 GC heap after
{Heap after GC invocations=161 (full 2):
 PSYoungGen      total 18944K, used 6853K [0x00000000d5580000, 0x00000000d7200000, 0x0000000100000000)
  eden space 11776K, 0% used [0x00000000d5580000,0x00000000d5580000,0x00000000d6100000)
  from space 7168K, 95% used [0x00000000d6180000,0x00000000d6831498,0x00000000d6880000)
  to   space 8704K, 0% used [0x00000000d6980000,0x00000000d6980000,0x00000000d7200000)
 ParOldGen       total 384000K, used 383963K [0x0000000080000000, 0x0000000097700000, 0x00000000d5580000)
  object space 384000K, 99% used [0x0000000080000000,0x00000000976f6cb0,0x0000000097700000)
 Metaspace       used 39959K, committed 41280K, reserved 1114112K
  class space    used 3698K, committed 4288K, reserved 1048576K
}
Event: 104595.821 GC heap before
{Heap before GC invocations=162 (full 2):
 PSYoungGen      total 18944K, used 18612K [0x00000000d5580000, 0x00000000d7200000, 0x0000000100000000)
  eden space 11776K, 99% used [0x00000000d5580000,0x00000000d60fbd48,0x00000000d6100000)
  from space 7168K, 95% used [0x00000000d6180000,0x00000000d6831498,0x00000000d6880000)
  to   space 8704K, 0% used [0x00000000d6980000,0x00000000d6980000,0x00000000d7200000)
 ParOldGen       total 384000K, used 383963K [0x0000000080000000, 0x0000000097700000, 0x00000000d5580000)
  object space 384000K, 99% used [0x0000000080000000,0x00000000976f6cb0,0x0000000097700000)
 Metaspace       used 39971K, committed 41344K, reserved 1114112K
  class space    used 3699K, committed 4288K, reserved 1048576K
}

